<?xml version="1.0" encoding="UTF-8"?>
<testsuite xmlns:xsi="http://www.w3.org/2001/XMLSchema-instance" xsi:noNamespaceSchemaLocation="https://maven.apache.org/surefire/maven-surefire-plugin/xsd/surefire-test-report.xsd" name="test.OrdersTest" time="0.88" tests="5" errors="0" skipped="0" failures="2">
  <properties>
    <property name="sun.desktop" value="windows"/>
    <property name="awt.toolkit" value="sun.awt.windows.WToolkit"/>
    <property name="java.specification.version" value="11"/>
    <property name="sun.cpu.isalist" value="amd64"/>
    <property name="sun.jnu.encoding" value="Cp1252"/>
    <property name="java.class.path" value="C:\myProject\EatSleepRepeatFinal\eatsleeprepeat-api-service\target\test-classes;C:\myProject\EatSleepRepeatFinal\eatsleeprepeat-api-service\target\classes;C:\Users\smilanovski\.m2\repository\org\springframework\spring-web\4.2.5.RELEASE\spring-web-4.2.5.RELEASE.jar;C:\Users\smilanovski\.m2\repository\org\springframework\spring-aop\4.2.5.RELEASE\spring-aop-4.2.5.RELEASE.jar;C:\Users\smilanovski\.m2\repository\aopalliance\aopalliance\1.0\aopalliance-1.0.jar;C:\Users\smilanovski\.m2\repository\org\springframework\spring-beans\4.2.5.RELEASE\spring-beans-4.2.5.RELEASE.jar;C:\Users\smilanovski\.m2\repository\org\springframework\spring-context\4.2.5.RELEASE\spring-context-4.2.5.RELEASE.jar;C:\Users\smilanovski\.m2\repository\org\springframework\spring-expression\4.2.5.RELEASE\spring-expression-4.2.5.RELEASE.jar;C:\Users\smilanovski\.m2\repository\org\springframework\spring-core\4.2.5.RELEASE\spring-core-4.2.5.RELEASE.jar;C:\Users\smilanovski\.m2\repository\com\fasterxml\jackson\core\jackson-core\2.8.8\jackson-core-2.8.8.jar;C:\Users\smilanovski\.m2\repository\com\fasterxml\jackson\core\jackson-databind\2.8.8\jackson-databind-2.8.8.jar;C:\Users\smilanovski\.m2\repository\com\fasterxml\jackson\core\jackson-annotations\2.8.0\jackson-annotations-2.8.0.jar;C:\Users\smilanovski\.m2\repository\log4j\log4j\1.2.17\log4j-1.2.17.jar;C:\Users\smilanovski\.m2\repository\org\slf4j\slf4j-api\1.7.5\slf4j-api-1.7.5.jar;C:\Users\smilanovski\.m2\repository\org\slf4j\slf4j-simple\1.6.4\slf4j-simple-1.6.4.jar;C:\Users\smilanovski\.m2\repository\org\slf4j\slf4j-log4j12\1.7.5\slf4j-log4j12-1.7.5.jar;C:\Users\smilanovski\.m2\repository\org\json\json\20160212\json-20160212.jar;C:\Users\smilanovski\.m2\repository\org\testng\testng\6.14.2\testng-6.14.2.jar;C:\Users\smilanovski\.m2\repository\com\beust\jcommander\1.72\jcommander-1.72.jar;C:\Users\smilanovski\.m2\repository\org\apache-extras\beanshell\bsh\2.0b6\bsh-2.0b6.jar;C:\Users\smilanovski\.m2\repository\org\hamcrest\hamcrest-all\1.3\hamcrest-all-1.3.jar;C:\myProject\EatSleepRepeatFinal\eatsleeprepeat-testing-utils\test-commons\target\test-commons-1.0-SNAPSHOT.jar;C:\Users\smilanovski\.m2\repository\commons-configuration\commons-configuration\1.6\commons-configuration-1.6.jar;C:\Users\smilanovski\.m2\repository\commons-collections\commons-collections\3.2.1\commons-collections-3.2.1.jar;C:\Users\smilanovski\.m2\repository\commons-lang\commons-lang\2.4\commons-lang-2.4.jar;C:\Users\smilanovski\.m2\repository\commons-logging\commons-logging\1.1.1\commons-logging-1.1.1.jar;C:\Users\smilanovski\.m2\repository\commons-digester\commons-digester\1.8\commons-digester-1.8.jar;C:\Users\smilanovski\.m2\repository\commons-beanutils\commons-beanutils\1.7.0\commons-beanutils-1.7.0.jar;C:\Users\smilanovski\.m2\repository\commons-beanutils\commons-beanutils-core\1.8.0\commons-beanutils-core-1.8.0.jar;C:\Users\smilanovski\.m2\repository\org\apache\httpcomponents\httpclient\4.5\httpclient-4.5.jar;C:\Users\smilanovski\.m2\repository\org\apache\httpcomponents\httpcore\4.4.1\httpcore-4.4.1.jar;C:\Users\smilanovski\.m2\repository\commons-codec\commons-codec\1.9\commons-codec-1.9.jar;C:\Users\smilanovski\.m2\repository\org\apache\maven\surefire\surefire-testng-utils\2.21.0\surefire-testng-utils-2.21.0.jar;C:\Users\smilanovski\.m2\repository\org\apache\maven\surefire\surefire-grouper\2.21.0\surefire-grouper-2.21.0.jar;"/>
    <property name="java.vm.vendor" value="AdoptOpenJDK"/>
    <property name="sun.arch.data.model" value="64"/>
    <property name="user.variant" value=""/>
    <property name="java.vendor.url" value="https://adoptopenjdk.net/"/>
    <property name="user.timezone" value=""/>
    <property name="java.vm.specification.version" value="11"/>
    <property name="os.name" value="Windows 10"/>
    <property name="sun.java.launcher" value="SUN_STANDARD"/>
    <property name="user.country" value="US"/>
    <property name="sun.boot.library.path" value="C:\Program Files\Java\jdk-11.0.5.10\bin"/>
    <property name="sun.java.command" value="C:\Users\SMILAN~1\AppData\Local\Temp\surefire13963869615534334874\surefirebooter11248627900659759598.jar C:\Users\smilanovski\AppData\Local\Temp\surefire13963869615534334874 2019-12-27T15-16-48_108-jvmRun1 surefire7688519028033929950tmp surefire_010255945027583963357tmp"/>
    <property name="jdk.debug" value="release"/>
    <property name="surefire.test.class.path" value="C:\myProject\EatSleepRepeatFinal\eatsleeprepeat-api-service\target\test-classes;C:\myProject\EatSleepRepeatFinal\eatsleeprepeat-api-service\target\classes;C:\Users\smilanovski\.m2\repository\org\springframework\spring-web\4.2.5.RELEASE\spring-web-4.2.5.RELEASE.jar;C:\Users\smilanovski\.m2\repository\org\springframework\spring-aop\4.2.5.RELEASE\spring-aop-4.2.5.RELEASE.jar;C:\Users\smilanovski\.m2\repository\aopalliance\aopalliance\1.0\aopalliance-1.0.jar;C:\Users\smilanovski\.m2\repository\org\springframework\spring-beans\4.2.5.RELEASE\spring-beans-4.2.5.RELEASE.jar;C:\Users\smilanovski\.m2\repository\org\springframework\spring-context\4.2.5.RELEASE\spring-context-4.2.5.RELEASE.jar;C:\Users\smilanovski\.m2\repository\org\springframework\spring-expression\4.2.5.RELEASE\spring-expression-4.2.5.RELEASE.jar;C:\Users\smilanovski\.m2\repository\org\springframework\spring-core\4.2.5.RELEASE\spring-core-4.2.5.RELEASE.jar;C:\Users\smilanovski\.m2\repository\com\fasterxml\jackson\core\jackson-core\2.8.8\jackson-core-2.8.8.jar;C:\Users\smilanovski\.m2\repository\com\fasterxml\jackson\core\jackson-databind\2.8.8\jackson-databind-2.8.8.jar;C:\Users\smilanovski\.m2\repository\com\fasterxml\jackson\core\jackson-annotations\2.8.0\jackson-annotations-2.8.0.jar;C:\Users\smilanovski\.m2\repository\log4j\log4j\1.2.17\log4j-1.2.17.jar;C:\Users\smilanovski\.m2\repository\org\slf4j\slf4j-api\1.7.5\slf4j-api-1.7.5.jar;C:\Users\smilanovski\.m2\repository\org\slf4j\slf4j-simple\1.6.4\slf4j-simple-1.6.4.jar;C:\Users\smilanovski\.m2\repository\org\slf4j\slf4j-log4j12\1.7.5\slf4j-log4j12-1.7.5.jar;C:\Users\smilanovski\.m2\repository\org\json\json\20160212\json-20160212.jar;C:\Users\smilanovski\.m2\repository\org\testng\testng\6.14.2\testng-6.14.2.jar;C:\Users\smilanovski\.m2\repository\com\beust\jcommander\1.72\jcommander-1.72.jar;C:\Users\smilanovski\.m2\repository\org\apache-extras\beanshell\bsh\2.0b6\bsh-2.0b6.jar;C:\Users\smilanovski\.m2\repository\org\hamcrest\hamcrest-all\1.3\hamcrest-all-1.3.jar;C:\myProject\EatSleepRepeatFinal\eatsleeprepeat-testing-utils\test-commons\target\test-commons-1.0-SNAPSHOT.jar;C:\Users\smilanovski\.m2\repository\commons-configuration\commons-configuration\1.6\commons-configuration-1.6.jar;C:\Users\smilanovski\.m2\repository\commons-collections\commons-collections\3.2.1\commons-collections-3.2.1.jar;C:\Users\smilanovski\.m2\repository\commons-lang\commons-lang\2.4\commons-lang-2.4.jar;C:\Users\smilanovski\.m2\repository\commons-logging\commons-logging\1.1.1\commons-logging-1.1.1.jar;C:\Users\smilanovski\.m2\repository\commons-digester\commons-digester\1.8\commons-digester-1.8.jar;C:\Users\smilanovski\.m2\repository\commons-beanutils\commons-beanutils\1.7.0\commons-beanutils-1.7.0.jar;C:\Users\smilanovski\.m2\repository\commons-beanutils\commons-beanutils-core\1.8.0\commons-beanutils-core-1.8.0.jar;C:\Users\smilanovski\.m2\repository\org\apache\httpcomponents\httpclient\4.5\httpclient-4.5.jar;C:\Users\smilanovski\.m2\repository\org\apache\httpcomponents\httpcore\4.4.1\httpcore-4.4.1.jar;C:\Users\smilanovski\.m2\repository\commons-codec\commons-codec\1.9\commons-codec-1.9.jar;C:\Users\smilanovski\.m2\repository\org\apache\maven\surefire\surefire-testng-utils\2.21.0\surefire-testng-utils-2.21.0.jar;C:\Users\smilanovski\.m2\repository\org\apache\maven\surefire\surefire-grouper\2.21.0\surefire-grouper-2.21.0.jar;"/>
    <property name="sun.cpu.endian" value="little"/>
    <property name="user.home" value="C:\Users\smilanovski"/>
    <property name="user.language" value="en"/>
    <property name="java.specification.vendor" value="Oracle Corporation"/>
    <property name="java.version.date" value="2019-10-15"/>
    <property name="java.home" value="C:\Program Files\Java\jdk-11.0.5.10"/>
    <property name="file.separator" value="\"/>
    <property name="basedir" value="C:\myProject\EatSleepRepeatFinal\eatsleeprepeat-api-service"/>
    <property name="java.vm.compressedOopsMode" value="Zero based"/>
    <property name="line.separator" value="&#10;"/>
    <property name="java.specification.name" value="Java Platform API Specification"/>
    <property name="java.vm.specification.vendor" value="Oracle Corporation"/>
    <property name="java.awt.graphicsenv" value="sun.awt.Win32GraphicsEnvironment"/>
    <property name="surefire.real.class.path" value="C:\Users\SMILAN~1\AppData\Local\Temp\surefire13963869615534334874\surefirebooter11248627900659759598.jar"/>
    <property name="user.script" value=""/>
    <property name="sun.management.compiler" value="HotSpot 64-Bit Tiered Compilers"/>
    <property name="java.runtime.version" value="11.0.5+10"/>
    <property name="user.name" value="smilanovski"/>
    <property name="path.separator" value=";"/>
    <property name="os.version" value="10.0"/>
    <property name="java.runtime.name" value="OpenJDK Runtime Environment"/>
    <property name="file.encoding" value="Cp1252"/>
    <property name="java.vm.name" value="OpenJDK 64-Bit Server VM"/>
    <property name="java.vendor.version" value="AdoptOpenJDK"/>
    <property name="localRepository" value="C:\Users\smilanovski\.m2\repository"/>
    <property name="java.vendor.url.bug" value="https://github.com/AdoptOpenJDK/openjdk-build/issues"/>
    <property name="java.io.tmpdir" value="C:\Users\SMILAN~1\AppData\Local\Temp\"/>
    <property name="java.version" value="11.0.5"/>
    <property name="user.dir" value="C:\myProject\EatSleepRepeatFinal\eatsleeprepeat-api-service"/>
    <property name="os.arch" value="amd64"/>
    <property name="java.vm.specification.name" value="Java Virtual Machine Specification"/>
    <property name="java.awt.printerjob" value="sun.awt.windows.WPrinterJob"/>
    <property name="sun.os.patch.level" value=""/>
    <property name="java.library.path" value="C:\Program Files\Java\jdk-11.0.5.10\bin;C:\WINDOWS\Sun\Java\bin;C:\WINDOWS\system32;C:\WINDOWS;&quot;C:\Program Files\AdoptOpenJDK\jdk-11.0.5.10-hotspot\bin;&quot;;C:\Program Files\Java\jdk-11.0.5.10\bin;C:\WINDOWS\system32;C:\WINDOWS;C:\WINDOWS\System32\Wbem;C:\WINDOWS\System32\WindowsPowerShell\v1.0\;C:\WINDOWS\System32\OpenSSH\;C:\Program Files\dotnet\;C:\Program Files\Microsoft SQL Server\130\Tools\Binn\;C:\Program Files\Microsoft SQL Server\Client SDK\ODBC\170\Tools\Binn\;C:\tools\maven\apache-maven-3.6.3\bin;C:\Program Files\Intel\WiFi\bin\;C:\Program Files\Common Files\Intel\WirelessCommon\;C:\Users\smilanovski\AppData\Local\Microsoft\WindowsApps;;."/>
    <property name="java.vendor" value="AdoptOpenJDK"/>
    <property name="java.vm.info" value="mixed mode"/>
    <property name="java.vm.version" value="11.0.5+10"/>
    <property name="sun.io.unicode.encoding" value="UnicodeLittle"/>
    <property name="java.class.version" value="55.0"/>
  </properties>
  <testcase name="shouldGetAllOrders" classname="test.OrdersTest" time="0.36"/>
  <testcase name="shouldGetOrderById" classname="test.OrdersTest" time="0.01">
    <failure type="java.lang.NullPointerException">java.lang.NullPointerException
	at test.OrdersTest.shouldGetOrderById(OrdersTest.java:34)
</failure>
  </testcase>
  <testcase name="shouldPostOrder" classname="test.OrdersTest" time="0"/>
  <testcase name="shouldUpdateOrder" classname="test.OrdersTest" time="0"/>
  <testcase name="shouldDeleteOrder" classname="test.OrdersTest" time="0.003">
    <failure type="java.lang.NullPointerException">java.lang.NullPointerException
	at test.OrdersTest.shouldDeleteOrder(OrdersTest.java:53)
</failure>
  </testcase>
</testsuite>